This file contains any messages produced by compilers while
running configure, to aid debugging if configure makes a mistake.

It was created by configure, which was
generated by GNU Autoconf 2.63.  Invocation command line was

  $ ./configure 

## --------- ##
## Platform. ##
## --------- ##

hostname = naggu
uname -m = x86_64
uname -r = 4.15.0-1091-oem
uname -s = Linux
uname -v = #101-Ubuntu SMP Thu Jun 25 17:55:29 UTC 2020

/usr/bin/uname -p = unknown
/bin/uname -X     = unknown

/bin/arch              = unknown
/usr/bin/arch -k       = unknown
/usr/convex/getsysinfo = unknown
/usr/bin/hostinfo      = unknown
/bin/machine           = unknown
/usr/bin/oslevel       = unknown
/bin/universe          = unknown

PATH: /home/shivangi/anaconda3/bin
PATH: /usr/local/sbin
PATH: /usr/local/bin
PATH: /usr/sbin
PATH: /usr/bin
PATH: /sbin
PATH: /bin
PATH: /snap/bin
PATH: /home/shivangi/Projects/NeuralArt/flutter/bin
PATH: /home/shivangi/Projects/NeuralArt/flutter/bin/cache/dart-sdk/bin
PATH: /opt/rocm/bin
PATH: /opt/rocm/profiler/bin
PATH: /opt/rocm/opencl/bin/


## ----------- ##
## Core tests. ##
## ----------- ##

configure:2097: checking for a BSD-compatible install
configure:2165: result: /usr/bin/install -c
configure:2176: checking whether build environment is sane
configure:2219: result: yes
configure:2244: checking for a thread-safe mkdir -p
configure:2283: result: /bin/mkdir -p
configure:2296: checking for gawk
configure:2326: result: no
configure:2296: checking for mawk
configure:2312: found /usr/bin/mawk
configure:2323: result: mawk
configure:2334: checking whether make sets $(MAKE)
configure:2356: result: yes
configure:2589: checking for gcc
configure:2605: found /usr/bin/gcc
configure:2616: result: gcc
configure:2848: checking for C compiler version
configure:2856: gcc --version >&5
gcc (Ubuntu 7.5.0-3ubuntu1~18.04) 7.5.0
Copyright (C) 2017 Free Software Foundation, Inc.
This is free software; see the source for copying conditions.  There is NO
warranty; not even for MERCHANTABILITY or FITNESS FOR A PARTICULAR PURPOSE.

configure:2860: $? = 0
configure:2867: gcc -v >&5
Using built-in specs.
COLLECT_GCC=gcc
COLLECT_LTO_WRAPPER=/usr/lib/gcc/x86_64-linux-gnu/7/lto-wrapper
OFFLOAD_TARGET_NAMES=nvptx-none
OFFLOAD_TARGET_DEFAULT=1
Target: x86_64-linux-gnu
Configured with: ../src/configure -v --with-pkgversion='Ubuntu 7.5.0-3ubuntu1~18.04' --with-bugurl=file:///usr/share/doc/gcc-7/README.Bugs --enable-languages=c,ada,c++,go,brig,d,fortran,objc,obj-c++ --prefix=/usr --with-gcc-major-version-only --program-suffix=-7 --program-prefix=x86_64-linux-gnu- --enable-shared --enable-linker-build-id --libexecdir=/usr/lib --without-included-gettext --enable-threads=posix --libdir=/usr/lib --enable-nls --enable-bootstrap --enable-clocale=gnu --enable-libstdcxx-debug --enable-libstdcxx-time=yes --with-default-libstdcxx-abi=new --enable-gnu-unique-object --disable-vtable-verify --enable-libmpx --enable-plugin --enable-default-pie --with-system-zlib --with-target-system-zlib --enable-objc-gc=auto --enable-multiarch --disable-werror --with-arch-32=i686 --with-abi=m64 --with-multilib-list=m32,m64,mx32 --enable-multilib --with-tune=generic --enable-offload-targets=nvptx-none --without-cuda-driver --enable-checking=release --build=x86_64-linux-gnu --host=x86_64-linux-gnu --target=x86_64-linux-gnu
Thread model: posix
gcc version 7.5.0 (Ubuntu 7.5.0-3ubuntu1~18.04) 
configure:2871: $? = 0
configure:2878: gcc -V >&5
gcc: error: unrecognized command line option '-V'
gcc: fatal error: no input files
compilation terminated.
configure:2882: $? = 1
configure:2905: checking for C compiler default output file name
configure:2927: gcc    conftest.c  >&5
configure:2931: $? = 0
configure:2969: result: a.out
configure:2988: checking whether the C compiler works
configure:2998: ./a.out
configure:3002: $? = 0
configure:3021: result: yes
configure:3028: checking whether we are cross compiling
configure:3030: result: no
configure:3033: checking for suffix of executables
configure:3040: gcc -o conftest    conftest.c  >&5
configure:3044: $? = 0
configure:3070: result: 
configure:3076: checking for suffix of object files
configure:3102: gcc -c   conftest.c >&5
configure:3106: $? = 0
configure:3131: result: o
configure:3135: checking whether we are using the GNU C compiler
configure:3164: gcc -c   conftest.c >&5
configure:3171: $? = 0
configure:3188: result: yes
configure:3197: checking whether gcc accepts -g
configure:3227: gcc -c -g  conftest.c >&5
configure:3234: $? = 0
configure:3335: result: yes
configure:3352: checking for gcc option to accept ISO C89
configure:3426: gcc  -c -g -O2  conftest.c >&5
configure:3433: $? = 0
configure:3456: result: none needed
configure:3485: checking for style of include used by make
configure:3513: result: GNU
configure:3538: checking dependency style of gcc
configure:3629: result: gcc3
configure:3723: checking build system type
configure:3741: result: x86_64-unknown-linux-gnu
configure:3763: checking host system type
configure:3778: result: x86_64-unknown-linux-gnu
configure:3800: checking for a sed that does not truncate output
configure:3856: result: /bin/sed
configure:3859: checking for grep that handles long lines and -e
configure:3919: result: /bin/grep
configure:3924: checking for egrep
configure:3988: result: /bin/grep -E
configure:4004: checking for ld used by gcc
configure:4071: result: /usr/bin/ld
configure:4080: checking if the linker (/usr/bin/ld) is GNU ld
configure:4095: result: yes
configure:4100: checking for /usr/bin/ld option to reload object files
configure:4107: result: -r
configure:4125: checking for BSD-compatible nm
configure:4174: result: /usr/bin/nm -B
configure:4178: checking whether ln -s works
configure:4182: result: yes
configure:4189: checking how to recognize dependent libraries
configure:4375: result: pass_all
configure:4464: gcc -c -g -O2  conftest.c >&5
configure:4467: $? = 0
configure:4625: checking how to run the C preprocessor
configure:4665: gcc -E  conftest.c
configure:4672: $? = 0
configure:4703: gcc -E  conftest.c
conftest.c:10:10: fatal error: ac_nonexistent.h: No such file or directory
 #include <ac_nonexistent.h>
          ^~~~~~~~~~~~~~~~~~
compilation terminated.
configure:4710: $? = 1
configure: failed program was:
| /* confdefs.h.  */
| #define PACKAGE_NAME ""
| #define PACKAGE_TARNAME ""
| #define PACKAGE_VERSION ""
| #define PACKAGE_STRING ""
| #define PACKAGE_BUGREPORT ""
| #define PACKAGE "gtkimageviewer"
| #define VERSION "0.9.3"
| /* end confdefs.h.  */
| #include <ac_nonexistent.h>
configure:4743: result: gcc -E
configure:4772: gcc -E  conftest.c
configure:4779: $? = 0
configure:4810: gcc -E  conftest.c
conftest.c:10:10: fatal error: ac_nonexistent.h: No such file or directory
 #include <ac_nonexistent.h>
          ^~~~~~~~~~~~~~~~~~
compilation terminated.
configure:4817: $? = 1
configure: failed program was:
| /* confdefs.h.  */
| #define PACKAGE_NAME ""
| #define PACKAGE_TARNAME ""
| #define PACKAGE_VERSION ""
| #define PACKAGE_STRING ""
| #define PACKAGE_BUGREPORT ""
| #define PACKAGE "gtkimageviewer"
| #define VERSION "0.9.3"
| /* end confdefs.h.  */
| #include <ac_nonexistent.h>
configure:4857: checking for ANSI C header files
configure:4887: gcc -c -g -O2  conftest.c >&5
configure:4894: $? = 0
configure:4993: gcc -o conftest -g -O2   conftest.c  >&5
configure:4997: $? = 0
configure:5003: ./conftest
configure:5007: $? = 0
configure:5025: result: yes
configure:5049: checking for sys/types.h
configure:5070: gcc -c -g -O2  conftest.c >&5
configure:5077: $? = 0
configure:5094: result: yes
configure:5049: checking for sys/stat.h
configure:5070: gcc -c -g -O2  conftest.c >&5
configure:5077: $? = 0
configure:5094: result: yes
configure:5049: checking for stdlib.h
configure:5070: gcc -c -g -O2  conftest.c >&5
configure:5077: $? = 0
configure:5094: result: yes
configure:5049: checking for string.h
configure:5070: gcc -c -g -O2  conftest.c >&5
configure:5077: $? = 0
configure:5094: result: yes
configure:5049: checking for memory.h
configure:5070: gcc -c -g -O2  conftest.c >&5
configure:5077: $? = 0
configure:5094: result: yes
configure:5049: checking for strings.h
configure:5070: gcc -c -g -O2  conftest.c >&5
configure:5077: $? = 0
configure:5094: result: yes
configure:5049: checking for inttypes.h
configure:5070: gcc -c -g -O2  conftest.c >&5
configure:5077: $? = 0
configure:5094: result: yes
configure:5049: checking for stdint.h
configure:5070: gcc -c -g -O2  conftest.c >&5
configure:5077: $? = 0
configure:5094: result: yes
configure:5049: checking for unistd.h
configure:5070: gcc -c -g -O2  conftest.c >&5
configure:5077: $? = 0
configure:5094: result: yes
configure:5124: checking dlfcn.h usability
configure:5141: gcc -c -g -O2  conftest.c >&5
configure:5148: $? = 0
configure:5162: result: yes
configure:5166: checking dlfcn.h presence
configure:5181: gcc -E  conftest.c
configure:5188: $? = 0
configure:5202: result: yes
configure:5230: checking for dlfcn.h
configure:5239: result: yes
configure:5312: checking for g++
configure:5328: found /usr/bin/g++
configure:5339: result: g++
configure:5366: checking for C++ compiler version
configure:5374: g++ --version >&5
g++ (Ubuntu 7.5.0-3ubuntu1~18.04) 7.5.0
Copyright (C) 2017 Free Software Foundation, Inc.
This is free software; see the source for copying conditions.  There is NO
warranty; not even for MERCHANTABILITY or FITNESS FOR A PARTICULAR PURPOSE.

configure:5378: $? = 0
configure:5385: g++ -v >&5
Using built-in specs.
COLLECT_GCC=g++
COLLECT_LTO_WRAPPER=/usr/lib/gcc/x86_64-linux-gnu/7/lto-wrapper
OFFLOAD_TARGET_NAMES=nvptx-none
OFFLOAD_TARGET_DEFAULT=1
Target: x86_64-linux-gnu
Configured with: ../src/configure -v --with-pkgversion='Ubuntu 7.5.0-3ubuntu1~18.04' --with-bugurl=file:///usr/share/doc/gcc-7/README.Bugs --enable-languages=c,ada,c++,go,brig,d,fortran,objc,obj-c++ --prefix=/usr --with-gcc-major-version-only --program-suffix=-7 --program-prefix=x86_64-linux-gnu- --enable-shared --enable-linker-build-id --libexecdir=/usr/lib --without-included-gettext --enable-threads=posix --libdir=/usr/lib --enable-nls --enable-bootstrap --enable-clocale=gnu --enable-libstdcxx-debug --enable-libstdcxx-time=yes --with-default-libstdcxx-abi=new --enable-gnu-unique-object --disable-vtable-verify --enable-libmpx --enable-plugin --enable-default-pie --with-system-zlib --with-target-system-zlib --enable-objc-gc=auto --enable-multiarch --disable-werror --with-arch-32=i686 --with-abi=m64 --with-multilib-list=m32,m64,mx32 --enable-multilib --with-tune=generic --enable-offload-targets=nvptx-none --without-cuda-driver --enable-checking=release --build=x86_64-linux-gnu --host=x86_64-linux-gnu --target=x86_64-linux-gnu
Thread model: posix
gcc version 7.5.0 (Ubuntu 7.5.0-3ubuntu1~18.04) 
configure:5389: $? = 0
configure:5396: g++ -V >&5
g++: error: unrecognized command line option '-V'
g++: fatal error: no input files
compilation terminated.
configure:5400: $? = 1
configure:5403: checking whether we are using the GNU C++ compiler
configure:5432: g++ -c   conftest.cpp >&5
configure:5439: $? = 0
configure:5456: result: yes
configure:5465: checking whether g++ accepts -g
configure:5495: g++ -c -g  conftest.cpp >&5
configure:5502: $? = 0
configure:5603: result: yes
configure:5628: checking dependency style of g++
configure:5719: result: gcc3
configure:5744: checking how to run the C++ preprocessor
configure:5780: g++ -E  conftest.cpp
configure:5787: $? = 0
configure:5818: g++ -E  conftest.cpp
conftest.cpp:21:10: fatal error: ac_nonexistent.h: No such file or directory
 #include <ac_nonexistent.h>
          ^~~~~~~~~~~~~~~~~~
compilation terminated.
configure:5825: $? = 1
configure: failed program was:
| /* confdefs.h.  */
| #define PACKAGE_NAME ""
| #define PACKAGE_TARNAME ""
| #define PACKAGE_VERSION ""
| #define PACKAGE_STRING ""
| #define PACKAGE_BUGREPORT ""
| #define PACKAGE "gtkimageviewer"
| #define VERSION "0.9.3"
| #define STDC_HEADERS 1
| #define HAVE_SYS_TYPES_H 1
| #define HAVE_SYS_STAT_H 1
| #define HAVE_STDLIB_H 1
| #define HAVE_STRING_H 1
| #define HAVE_MEMORY_H 1
| #define HAVE_STRINGS_H 1
| #define HAVE_INTTYPES_H 1
| #define HAVE_STDINT_H 1
| #define HAVE_UNISTD_H 1
| #define HAVE_DLFCN_H 1
| /* end confdefs.h.  */
| #include <ac_nonexistent.h>
configure:5858: result: g++ -E
configure:5887: g++ -E  conftest.cpp
configure:5894: $? = 0
configure:5925: g++ -E  conftest.cpp
conftest.cpp:21:10: fatal error: ac_nonexistent.h: No such file or directory
 #include <ac_nonexistent.h>
          ^~~~~~~~~~~~~~~~~~
compilation terminated.
configure:5932: $? = 1
configure: failed program was:
| /* confdefs.h.  */
| #define PACKAGE_NAME ""
| #define PACKAGE_TARNAME ""
| #define PACKAGE_VERSION ""
| #define PACKAGE_STRING ""
| #define PACKAGE_BUGREPORT ""
| #define PACKAGE "gtkimageviewer"
| #define VERSION "0.9.3"
| #define STDC_HEADERS 1
| #define HAVE_SYS_TYPES_H 1
| #define HAVE_SYS_STAT_H 1
| #define HAVE_STDLIB_H 1
| #define HAVE_STRING_H 1
| #define HAVE_MEMORY_H 1
| #define HAVE_STRINGS_H 1
| #define HAVE_INTTYPES_H 1
| #define HAVE_STDINT_H 1
| #define HAVE_UNISTD_H 1
| #define HAVE_DLFCN_H 1
| /* end confdefs.h.  */
| #include <ac_nonexistent.h>
configure:6027: checking for g77
configure:6057: result: no
configure:6027: checking for xlf
configure:6057: result: no
configure:6027: checking for f77
configure:6043: found /usr/bin/f77
configure:6054: result: f77
configure:6080: checking for Fortran 77 compiler version
configure:6088: f77 --version >&5
GNU Fortran (Ubuntu 7.5.0-3ubuntu1~18.04) 7.5.0
Copyright (C) 2017 Free Software Foundation, Inc.
This is free software; see the source for copying conditions.  There is NO
warranty; not even for MERCHANTABILITY or FITNESS FOR A PARTICULAR PURPOSE.

configure:6092: $? = 0
configure:6099: f77 -v >&5
Using built-in specs.
COLLECT_GCC=f77
COLLECT_LTO_WRAPPER=/usr/lib/gcc/x86_64-linux-gnu/7/lto-wrapper
OFFLOAD_TARGET_NAMES=nvptx-none
OFFLOAD_TARGET_DEFAULT=1
Target: x86_64-linux-gnu
Configured with: ../src/configure -v --with-pkgversion='Ubuntu 7.5.0-3ubuntu1~18.04' --with-bugurl=file:///usr/share/doc/gcc-7/README.Bugs --enable-languages=c,ada,c++,go,brig,d,fortran,objc,obj-c++ --prefix=/usr --with-gcc-major-version-only --program-suffix=-7 --program-prefix=x86_64-linux-gnu- --enable-shared --enable-linker-build-id --libexecdir=/usr/lib --without-included-gettext --enable-threads=posix --libdir=/usr/lib --enable-nls --enable-bootstrap --enable-clocale=gnu --enable-libstdcxx-debug --enable-libstdcxx-time=yes --with-default-libstdcxx-abi=new --enable-gnu-unique-object --disable-vtable-verify --enable-libmpx --enable-plugin --enable-default-pie --with-system-zlib --with-target-system-zlib --enable-objc-gc=auto --enable-multiarch --disable-werror --with-arch-32=i686 --with-abi=m64 --with-multilib-list=m32,m64,mx32 --enable-multilib --with-tune=generic --enable-offload-targets=nvptx-none --without-cuda-driver --enable-checking=release --build=x86_64-linux-gnu --host=x86_64-linux-gnu --target=x86_64-linux-gnu
Thread model: posix
gcc version 7.5.0 (Ubuntu 7.5.0-3ubuntu1~18.04) 
configure:6103: $? = 0
configure:6110: f77 -V >&5
f77: error: unrecognized command line option '-V'
f77: fatal error: no input files
compilation terminated.
configure:6114: $? = 1
configure:6122: checking whether we are using the GNU Fortran 77 compiler
configure:6141: f77 -c  conftest.F >&5
configure:6148: $? = 0
configure:6165: result: yes
configure:6171: checking whether f77 accepts -g
configure:6188: f77 -c -g conftest.f >&5
configure:6195: $? = 0
configure:6211: result: yes
configure:6244: checking the maximum length of command line arguments
configure:6356: result: 1572864
configure:6368: checking command to parse /usr/bin/nm -B output from gcc object
configure:6473: gcc -c -g -O2  conftest.c >&5
configure:6476: $? = 0
configure:6480: /usr/bin/nm -B conftest.o \| sed -n -e 's/^.*[ 	]\([ABCDGIRSTW][ABCDGIRSTW]*\)[ 	][ 	]*\([_A-Za-z][_A-Za-z0-9]*\)$/\1 \2 \2/p' \> conftest.nm
configure:6483: $? = 0
configure:6535: gcc -o conftest -g -O2   conftest.c conftstm.o >&5
configure:6538: $? = 0
configure:6576: result: ok
configure:6580: checking for objdir
configure:6595: result: .libs
configure:6687: checking for ar
configure:6703: found /usr/bin/ar
configure:6714: result: ar
configure:6779: checking for ranlib
configure:6795: found /usr/bin/ranlib
configure:6806: result: ranlib
configure:6871: checking for strip
configure:6887: found /usr/bin/strip
configure:6898: result: strip
configure:7488: checking if gcc supports -fno-rtti -fno-exceptions
configure:7506: gcc -c -g -O2  -fno-rtti -fno-exceptions conftest.c >&5
cc1: warning: command line option '-fno-rtti' is valid for C++/ObjC++ but not for C
configure:7510: $? = 0
configure:7523: result: no
configure:7538: checking for gcc option to produce PIC
configure:7770: result: -fPIC
configure:7778: checking if gcc PIC flag -fPIC works
configure:7796: gcc -c -g -O2  -fPIC -DPIC conftest.c >&5
configure:7800: $? = 0
configure:7813: result: yes
configure:7841: checking if gcc static flag -static works
configure:7869: result: yes
configure:7879: checking if gcc supports -c -o file.o
configure:7900: gcc -c -g -O2  -o out/conftest2.o conftest.c >&5
configure:7904: $? = 0
configure:7926: result: yes
configure:7952: checking whether the gcc linker (/usr/bin/ld -m elf_x86_64) supports shared libraries
configure:8940: result: yes
configure:8961: checking whether -lc should be explicitly linked in
configure:8966: gcc -c -g -O2  conftest.c >&5
configure:8969: $? = 0
configure:8984: gcc -shared conftest.o  -v -Wl,-soname -Wl,conftest -o conftest 2\>\&1 \| grep  -lc  \>/dev/null 2\>\&1
configure:8987: $? = 0
configure:8999: result: no
configure:9007: checking dynamic linker characteristics
configure:9611: result: GNU/Linux ld.so
configure:9635: checking how to hardcode library paths into programs
configure:9660: result: immediate
configure:9674: checking whether stripping libraries is possible
configure:9679: result: yes
configure:10509: checking if libtool supports shared libraries
configure:10511: result: yes
configure:10514: checking whether to build shared libraries
configure:10535: result: yes
configure:10538: checking whether to build static libraries
configure:10542: result: no
configure:10636: creating libtool
configure:11229: checking for ld used by g++
configure:11296: result: /usr/bin/ld -m elf_x86_64
configure:11305: checking if the linker (/usr/bin/ld -m elf_x86_64) is GNU ld
configure:11320: result: yes
configure:11371: checking whether the g++ linker (/usr/bin/ld -m elf_x86_64) supports shared libraries
configure:12325: result: yes
configure:12342: g++ -c -g -O2  conftest.cpp >&5
configure:12345: $? = 0
configure:12501: checking for g++ option to produce PIC
configure:12785: result: -fPIC
configure:12793: checking if g++ PIC flag -fPIC works
configure:12811: g++ -c -g -O2  -fPIC -DPIC conftest.cpp >&5
configure:12815: $? = 0
configure:12828: result: yes
configure:12856: checking if g++ static flag -static works
configure:12884: result: yes
configure:12894: checking if g++ supports -c -o file.o
configure:12915: g++ -c -g -O2  -o out/conftest2.o conftest.cpp >&5
configure:12919: $? = 0
configure:12941: result: yes
configure:12967: checking whether the g++ linker (/usr/bin/ld -m elf_x86_64) supports shared libraries
configure:12993: result: yes
configure:13060: checking dynamic linker characteristics
configure:13612: result: GNU/Linux ld.so
configure:13636: checking how to hardcode library paths into programs
configure:13661: result: immediate
configure:14200: checking if libtool supports shared libraries
configure:14202: result: yes
configure:14205: checking whether to build shared libraries
configure:14225: result: yes
configure:14228: checking whether to build static libraries
configure:14232: result: no
configure:14242: checking for f77 option to produce PIC
configure:14474: result: -fPIC
configure:14482: checking if f77 PIC flag -fPIC works
configure:14500: f77 -c -g -O2 -fPIC conftest.f >&5
configure:14504: $? = 0
configure:14517: result: yes
configure:14545: checking if f77 static flag -static works
configure:14573: result: yes
configure:14583: checking if f77 supports -c -o file.o
configure:14604: f77 -c -g -O2 -o out/conftest2.o conftest.f >&5
configure:14608: $? = 0
configure:14630: result: yes
configure:14656: checking whether the f77 linker (/usr/bin/ld -m elf_x86_64) supports shared libraries
configure:15624: result: yes
configure:15691: checking dynamic linker characteristics
configure:16243: result: GNU/Linux ld.so
configure:16267: checking how to hardcode library paths into programs
configure:16292: result: immediate
configure:19917: checking for a BSD-compatible install
configure:19985: result: /usr/bin/install -c
configure:19996: checking whether to enable maintainer-specific portions of Makefiles
configure:20005: result: no
configure:20045: checking for pkg-config
configure:20063: found /usr/bin/pkg-config
configure:20076: result: /usr/bin/pkg-config
configure:20098: checking for GTK+ - version >= 2.0.0
configure:20218: gcc -o conftest -g -O2 -pthread -I/usr/include/gtk-2.0 -I/usr/lib/x86_64-linux-gnu/gtk-2.0/include -I/usr/include/gio-unix-2.0/ -I/usr/include/cairo -I/usr/include/pango-1.0 -I/usr/include/atk-1.0 -I/usr/include/cairo -I/usr/include/pixman-1 -I/usr/include/gdk-pixbuf-2.0 -I/usr/include/libpng16 -I/usr/include/pango-1.0 -I/usr/include/harfbuzz -I/usr/include/pango-1.0 -I/usr/include/glib-2.0 -I/usr/lib/x86_64-linux-gnu/glib-2.0/include -I/usr/include/freetype2 -I/usr/include/libpng16 -I/usr/include/freetype2 -I/usr/include/libpng16   conftest.c -lgtk-x11-2.0 -lgdk-x11-2.0 -lpangocairo-1.0 -latk-1.0 -lcairo -lgdk_pixbuf-2.0 -lgio-2.0 -lpangoft2-1.0 -lpango-1.0 -lgobject-2.0 -lglib-2.0 -lfontconfig -lfreetype  >&5
conftest.c: In function 'main':
conftest.c:32:3: warning: ignoring return value of 'system', declared with attribute warn_unused_result [-Wunused-result]
   system ("touch conf.gtktest");
   ^~~~~~~~~~~~~~~~~~~~~~~~~~~~~
configure:20222: $? = 0
configure:20228: ./conftest
configure:20232: $? = 0
configure:20253: result: yes (version 2.24.32)
configure:20367: checking for db2html
configure:20395: result: false
configure:20551: creating ./config.status

## ---------------------- ##
## Running config.status. ##
## ---------------------- ##

This file was extended by config.status, which was
generated by GNU Autoconf 2.63.  Invocation command line was

  CONFIG_FILES    = 
  CONFIG_HEADERS  = 
  CONFIG_LINKS    = 
  CONFIG_COMMANDS = 
  $ ./config.status 

on naggu

config.status:818: creating Makefile
config.status:818: creating src/Makefile
config.status:818: creating docs/Makefile
config.status:818: creating docs/tutorial/Makefile
config.status:818: creating gtkimageviewer-2.0.pc
config.status:818: creating config.h
config.status:1092: executing depfiles commands

## ---------------- ##
## Cache variables. ##
## ---------------- ##

ac_cv_build=x86_64-unknown-linux-gnu
ac_cv_c_compiler_gnu=yes
ac_cv_cxx_compiler_gnu=yes
ac_cv_env_CCC_set=
ac_cv_env_CCC_value=
ac_cv_env_CC_set=
ac_cv_env_CC_value=
ac_cv_env_CFLAGS_set=
ac_cv_env_CFLAGS_value=
ac_cv_env_CPPFLAGS_set=
ac_cv_env_CPPFLAGS_value=
ac_cv_env_CPP_set=
ac_cv_env_CPP_value=
ac_cv_env_CXXCPP_set=
ac_cv_env_CXXCPP_value=
ac_cv_env_CXXFLAGS_set=
ac_cv_env_CXXFLAGS_value=
ac_cv_env_CXX_set=
ac_cv_env_CXX_value=
ac_cv_env_F77_set=
ac_cv_env_F77_value=
ac_cv_env_FFLAGS_set=
ac_cv_env_FFLAGS_value=
ac_cv_env_LDFLAGS_set=
ac_cv_env_LDFLAGS_value=
ac_cv_env_LIBS_set=
ac_cv_env_LIBS_value=
ac_cv_env_build_alias_set=
ac_cv_env_build_alias_value=
ac_cv_env_host_alias_set=
ac_cv_env_host_alias_value=
ac_cv_env_target_alias_set=
ac_cv_env_target_alias_value=
ac_cv_f77_compiler_gnu=yes
ac_cv_header_dlfcn_h=yes
ac_cv_header_inttypes_h=yes
ac_cv_header_memory_h=yes
ac_cv_header_stdc=yes
ac_cv_header_stdint_h=yes
ac_cv_header_stdlib_h=yes
ac_cv_header_string_h=yes
ac_cv_header_strings_h=yes
ac_cv_header_sys_stat_h=yes
ac_cv_header_sys_types_h=yes
ac_cv_header_unistd_h=yes
ac_cv_host=x86_64-unknown-linux-gnu
ac_cv_objext=o
ac_cv_path_EGREP='/bin/grep -E'
ac_cv_path_GREP=/bin/grep
ac_cv_path_PKG_CONFIG=/usr/bin/pkg-config
ac_cv_path_install='/usr/bin/install -c'
ac_cv_path_mkdir=/bin/mkdir
ac_cv_prog_AWK=mawk
ac_cv_prog_CPP='gcc -E'
ac_cv_prog_CXXCPP='g++ -E'
ac_cv_prog_DB2HTML=false
ac_cv_prog_ac_ct_AR=ar
ac_cv_prog_ac_ct_CC=gcc
ac_cv_prog_ac_ct_CXX=g++
ac_cv_prog_ac_ct_F77=f77
ac_cv_prog_ac_ct_RANLIB=ranlib
ac_cv_prog_ac_ct_STRIP=strip
ac_cv_prog_cc_c89=
ac_cv_prog_cc_g=yes
ac_cv_prog_cxx_g=yes
ac_cv_prog_f77_g=yes
ac_cv_prog_make_make_set=yes
am_cv_CC_dependencies_compiler_type=gcc3
am_cv_CXX_dependencies_compiler_type=gcc3
lt_cv_deplibs_check_method=pass_all
lt_cv_file_magic_cmd='$MAGIC_CMD'
lt_cv_file_magic_test_file=
lt_cv_ld_reload_flag=-r
lt_cv_objdir=.libs
lt_cv_path_LD=/usr/bin/ld
lt_cv_path_LDCXX='/usr/bin/ld -m elf_x86_64'
lt_cv_path_NM='/usr/bin/nm -B'
lt_cv_path_SED=/bin/sed
lt_cv_prog_compiler_c_o=yes
lt_cv_prog_compiler_c_o_CXX=yes
lt_cv_prog_compiler_c_o_F77=yes
lt_cv_prog_compiler_pic_works=yes
lt_cv_prog_compiler_pic_works_CXX=yes
lt_cv_prog_compiler_pic_works_F77=yes
lt_cv_prog_compiler_rtti_exceptions=no
lt_cv_prog_compiler_static_works=yes
lt_cv_prog_compiler_static_works_CXX=yes
lt_cv_prog_compiler_static_works_F77=yes
lt_cv_prog_gnu_ld=yes
lt_cv_prog_gnu_ldcxx=yes
lt_cv_sys_global_symbol_pipe='sed -n -e '\''s/^.*[ 	]\([ABCDGIRSTW][ABCDGIRSTW]*\)[ 	][ 	]*\([_A-Za-z][_A-Za-z0-9]*\)$/\1 \2 \2/p'\'''
lt_cv_sys_global_symbol_to_c_name_address='sed -n -e '\''s/^: \([^ ]*\) $/  {\"\1\", (lt_ptr) 0},/p'\'' -e '\''s/^[BCDEGRST] \([^ ]*\) \([^ ]*\)$/  {"\2", (lt_ptr) \&\2},/p'\'''
lt_cv_sys_global_symbol_to_cdecl='sed -n -e '\''s/^. .* \(.*\)$/extern int \1;/p'\'''
lt_cv_sys_lib_dlsearch_path_spec='/usr/lib64 /lib64 /src/out/ubuntu-16.04/16.04/lib /opt/rocm/hsa/lib /opt/rocm-3.5.0/hsa/lib /usr/local/lib /opt/rocm/hsa-amd-aqlprofile/lib /opt/rocm/rocprofiler/lib /opt/rocm/lib /opt/rocm/rocm_smi/lib /usr/local/lib/x86_64-linux-gnu /lib/x86_64-linux-gnu /usr/lib/x86_64-linux-gnu /lib32 /usr/lib32 /libx32 /usr/libx32 '
lt_cv_sys_lib_search_path_spec='/usr/lib64 /lib64 /usr/local/lib64'
lt_cv_sys_max_cmd_len=1572864
lt_lt_cv_prog_compiler_c_o='"yes"'
lt_lt_cv_prog_compiler_c_o_CXX='"yes"'
lt_lt_cv_prog_compiler_c_o_F77='"yes"'
lt_lt_cv_sys_global_symbol_pipe='"sed -n -e '\''s/^.*[ 	]\\([ABCDGIRSTW][ABCDGIRSTW]*\\)[ 	][ 	]*\\([_A-Za-z][_A-Za-z0-9]*\\)\$/\\1 \\2 \\2/p'\''"'
lt_lt_cv_sys_global_symbol_to_c_name_address='"sed -n -e '\''s/^: \\([^ ]*\\) \$/  {\\\"\\1\\\", (lt_ptr) 0},/p'\'' -e '\''s/^[BCDEGRST] \\([^ ]*\\) \\([^ ]*\\)\$/  {\"\\2\", (lt_ptr) \\&\\2},/p'\''"'
lt_lt_cv_sys_global_symbol_to_cdecl='"sed -n -e '\''s/^. .* \\(.*\\)\$/extern int \\1;/p'\''"'

## ----------------- ##
## Output variables. ##
## ----------------- ##

ACLOCAL='${SHELL} /home/shivangi/DeepLearning/opencv/gtkimageviewer-0.9.3/missing --run aclocal-1.10'
AMDEPBACKSLASH='\'
AMDEP_FALSE='#'
AMDEP_TRUE=''
AMTAR='${SHELL} /home/shivangi/DeepLearning/opencv/gtkimageviewer-0.9.3/missing --run tar'
AR='ar'
AUTOCONF='${SHELL} /home/shivangi/DeepLearning/opencv/gtkimageviewer-0.9.3/missing --run autoconf'
AUTOHEADER='${SHELL} /home/shivangi/DeepLearning/opencv/gtkimageviewer-0.9.3/missing --run autoheader'
AUTOMAKE='${SHELL} /home/shivangi/DeepLearning/opencv/gtkimageviewer-0.9.3/missing --run automake-1.10'
AWK='mawk'
CC='gcc'
CCDEPMODE='depmode=gcc3'
CFLAGS='-g -O2'
CPP='gcc -E'
CPPFLAGS=''
CXX='g++'
CXXCPP='g++ -E'
CXXDEPMODE='depmode=gcc3'
CXXFLAGS='-g -O2'
CYGPATH_W='echo'
DB2HTML='false'
DEFS='-DHAVE_CONFIG_H'
DEPDIR='.deps'
DSYMUTIL=''
ECHO='echo'
ECHO_C=''
ECHO_N='-n'
ECHO_T=''
EGREP='/bin/grep -E'
EXEEXT=''
F77='f77'
FFLAGS='-g -O2'
GREP='/bin/grep'
GTKIMAGEVIEWER_DEP_CFLAGS=''
GTKIMAGEVIEWER_DEP_LIBS=' -lfreetype'
GTKIMAGEVIEWER_PACKAGES='gtk+-2.0 gobject-2.0 gmodule-2.0 '
GTKIV_API_VERSION='2.0'
GTK_CFLAGS='-pthread -I/usr/include/gtk-2.0 -I/usr/lib/x86_64-linux-gnu/gtk-2.0/include -I/usr/include/gio-unix-2.0/ -I/usr/include/cairo -I/usr/include/pango-1.0 -I/usr/include/atk-1.0 -I/usr/include/cairo -I/usr/include/pixman-1 -I/usr/include/gdk-pixbuf-2.0 -I/usr/include/libpng16 -I/usr/include/pango-1.0 -I/usr/include/harfbuzz -I/usr/include/pango-1.0 -I/usr/include/glib-2.0 -I/usr/lib/x86_64-linux-gnu/glib-2.0/include -I/usr/include/freetype2 -I/usr/include/libpng16 -I/usr/include/freetype2 -I/usr/include/libpng16'
GTK_LIBS='-lgtk-x11-2.0 -lgdk-x11-2.0 -lpangocairo-1.0 -latk-1.0 -lcairo -lgdk_pixbuf-2.0 -lgio-2.0 -lpangoft2-1.0 -lpango-1.0 -lgobject-2.0 -lglib-2.0 -lfontconfig -lfreetype'
HAVE_DOCBOOK_FALSE=''
HAVE_DOCBOOK_TRUE='#'
INSTALL_DATA='${INSTALL} -m 644'
INSTALL_PROGRAM='${INSTALL}'
INSTALL_SCRIPT='${INSTALL}'
INSTALL_STRIP_PROGRAM='$(install_sh) -c -s'
LDFLAGS=''
LIBOBJS=''
LIBS=''
LIBTOOL='$(SHELL) $(top_builddir)/libtool'
LN_S='ln -s'
LTLIBOBJS=''
MAINT='#'
MAINTAINER_MODE_FALSE=''
MAINTAINER_MODE_TRUE='#'
MAKEINFO='${SHELL} /home/shivangi/DeepLearning/opencv/gtkimageviewer-0.9.3/missing --run makeinfo'
MKDIR_P='/bin/mkdir -p'
NMEDIT=''
OBJEXT='o'
PACKAGE='gtkimageviewer'
PACKAGE_BUGREPORT=''
PACKAGE_NAME=''
PACKAGE_STRING=''
PACKAGE_TARNAME=''
PACKAGE_VERSION=''
PATH_SEPARATOR=':'
PKG_CONFIG='/usr/bin/pkg-config'
RANLIB='ranlib'
SED='/bin/sed'
SET_MAKE=''
SHELL='/bin/bash'
STRIP='strip'
VERSION='0.9.3'
ac_ct_CC='gcc'
ac_ct_CXX='g++'
ac_ct_F77='f77'
am__fastdepCC_FALSE='#'
am__fastdepCC_TRUE=''
am__fastdepCXX_FALSE='#'
am__fastdepCXX_TRUE=''
am__include='include'
am__isrc=''
am__leading_dot='.'
am__quote=''
am__tar='${AMTAR} chof - "$$tardir"'
am__untar='${AMTAR} xf -'
bindir='${exec_prefix}/bin'
build='x86_64-unknown-linux-gnu'
build_alias=''
build_cpu='x86_64'
build_os='linux-gnu'
build_vendor='unknown'
datadir='${datarootdir}'
datarootdir='${prefix}/share'
docdir='${datarootdir}/doc/${PACKAGE}'
dvidir='${docdir}'
exec_prefix='${prefix}'
gtkivtargetlib='libgtkimageviewer-2.0.la'
host='x86_64-unknown-linux-gnu'
host_alias=''
host_cpu='x86_64'
host_os='linux-gnu'
host_vendor='unknown'
htmldir='${docdir}'
includedir='${prefix}/include'
infodir='${datarootdir}/info'
install_sh='$(SHELL) /home/shivangi/DeepLearning/opencv/gtkimageviewer-0.9.3/install-sh'
libdir='${exec_prefix}/lib'
libexecdir='${exec_prefix}/libexec'
localedir='${datarootdir}/locale'
localstatedir='${prefix}/var'
mandir='${datarootdir}/man'
mkdir_p='/bin/mkdir -p'
oldincludedir='/usr/include'
pdfdir='${docdir}'
prefix='/usr/local'
program_transform_name='s,x,x,'
psdir='${docdir}'
sbindir='${exec_prefix}/sbin'
sharedstatedir='${prefix}/com'
sysconfdir='${prefix}/etc'
target_alias=''

## ----------- ##
## confdefs.h. ##
## ----------- ##

#define PACKAGE_NAME ""
#define PACKAGE_TARNAME ""
#define PACKAGE_VERSION ""
#define PACKAGE_STRING ""
#define PACKAGE_BUGREPORT ""
#define PACKAGE "gtkimageviewer"
#define VERSION "0.9.3"
#define STDC_HEADERS 1
#define HAVE_SYS_TYPES_H 1
#define HAVE_SYS_STAT_H 1
#define HAVE_STDLIB_H 1
#define HAVE_STRING_H 1
#define HAVE_MEMORY_H 1
#define HAVE_STRINGS_H 1
#define HAVE_INTTYPES_H 1
#define HAVE_STDINT_H 1
#define HAVE_UNISTD_H 1
#define HAVE_DLFCN_H 1

configure: exit 0
